<?xml version="1.0" encoding="UTF-8"?>
<testsuite name="com.cashi.ServerTest" tests="1" skipped="0" failures="0" errors="0" timestamp="2026-06-03T23:35:51.099Z" hostname="SIRYOUNGTECHNOL" time="3.049">
  <properties/>
  <testcase name="test root endpoint()" classname="com.cashi.ServerTest" time="3.049"/>
  <system-out><![CDATA[2026-06-04 00:35:53.234 [DefaultDispatcher-worker-2] INFO  io.ktor.test - No ktor.deployment.watch patterns specified, automatic reload is not active.
2026-06-04 00:35:53.886 [DefaultDispatcher-worker-2 @coroutine#14] INFO  [Koin] - Started 5 definitions in 10.082 ms
2026-06-04 00:35:54.007 [DefaultDispatcher-worker-2] INFO  io.ktor.test - Application started in 1.283 seconds.
2026-06-04 00:35:54.017 [DefaultDispatcher-worker-3 @coroutine#15] INFO  io.ktor.test - Responding at http://localhost:80
2026-06-04 00:35:54.018 [DefaultDispatcher-worker-3 @coroutine#15] INFO  io.ktor.test - Responding at https://localhost:443
]]></system-out>
  <system-err><![CDATA[]]></system-err>
</testsuite>
